Traceback (most recent call last):
  File "C:\Users\valer\Anaconda3\lib\site-packages\jupyter_cache\executors\utils.py", line 56, in single_nb_execution
    record_timing=False,
  File "C:\Users\valer\Anaconda3\lib\site-packages\nbclient\client.py", line 1112, in execute
    return NotebookClient(nb=nb, resources=resources, km=km, **kwargs).execute()
  File "C:\Users\valer\Anaconda3\lib\site-packages\nbclient\util.py", line 74, in wrapped
    return just_run(coro(*args, **kwargs))
  File "C:\Users\valer\Anaconda3\lib\site-packages\nbclient\util.py", line 53, in just_run
    return loop.run_until_complete(coro)
  File "C:\Users\valer\Anaconda3\lib\asyncio\base_events.py", line 584, in run_until_complete
    return future.result()
  File "C:\Users\valer\Anaconda3\lib\site-packages\nbclient\client.py", line 554, in async_execute
    cell, index, execution_count=self.code_cells_executed + 1
  File "C:\Users\valer\Anaconda3\lib\site-packages\nbclient\client.py", line 857, in async_execute_cell
    self._check_raise_for_error(cell, exec_reply)
  File "C:\Users\valer\Anaconda3\lib\site-packages\nbclient\client.py", line 760, in _check_raise_for_error
    raise CellExecutionError.from_cell_and_msg(cell, exec_reply_content)
nbclient.exceptions.CellExecutionError: An error occurred while executing the following cell:
------------------
# Report your answers in this cell. I have initialize the variables to None.
re_HCl = None
wavenumber_T37Cl = None

# YOUR CODE HERE
raise NotImplementedError()
------------------

[1;31m---------------------------------------------------------------------------[0m
[1;31mNotImplementedError[0m                       Traceback (most recent call last)
[1;32m<ipython-input-2-215e34c64b3f>[0m in [0;36m<module>[1;34m[0m
[0;32m      4[0m [1;33m[0m[0m
[0;32m      5[0m [1;31m# YOUR CODE HERE[0m[1;33m[0m[1;33m[0m[1;33m[0m[0m
[1;32m----> 6[1;33m [1;32mraise[0m [0mNotImplementedError[0m[1;33m([0m[1;33m)[0m[1;33m[0m[1;33m[0m[0m
[0m
[1;31mNotImplementedError[0m: 
NotImplementedError: 

